Starting sbatch script myscript.sh at:Thu Sep 26 11:28:05 EDT 2024
task id: 2
rule: 22
rule: 22
seed: 69904
seed: 149796
we are in two envs
/gpfs1/home/c/p/cpetak/CA_GRN2/helper.py:61: NumbaPerformanceWarning: [1m[1m[1mnp.dot() is faster on contiguous arrays, called on (Array(float64, 2, 'A', False, aligned=True), Array(float64, 2, 'A', False, aligned=True))[0m[0m[0m
  next_step = windows.dot(grn)
/gpfs1/home/c/p/cpetak/CA_GRN2/helper.py:82: NumbaPerformanceWarning: [1m[1m[1mnp.dot() is faster on contiguous arrays, called on (Array(float64, 2, 'C', False, aligned=True), Array(float64, 2, 'A', False, aligned=True))[0m[0m[0m
  next_step = gene_vals.dot(internal_grn)
running code
Traceback (most recent call last):
  File "/gpfs1/home/c/p/cpetak/CA_GRN2/main.py", line 159, in <module>
    score=evolutionary_algorithm(**vars(args))
          ^^^^^^^^^^^^^^^^^^^^^^^^^^^^^^^^^^^^
  File "/gpfs1/home/c/p/cpetak/CA_GRN2/main.py", line 112, in evolutionary_algorithm
    np.savetxt(f, best_grns, newline=" ")
                  ^^^^^^^^^
NameError: name 'best_grns' is not defined. Did you mean: 'best_grn'?
